<?xml version="1.0" encoding="UTF-8"?>
<testsuite name="com.coffee.api.CoffeeAPITest" tests="1" skipped="0" failures="0" errors="0" timestamp="2024-10-22T09:47:07" hostname="MacBook-Pro-3" time="0.026">
  <properties/>
  <testcase name="API should return 404 when invalid name param sent through DEL request()" classname="com.coffee.api.CoffeeAPITest" time="0.026"/>
  <system-out><![CDATA[***** REQUEST: DELETE: /roasters/covfefe *****
DELETE /roasters/covfefe HTTP/1.1



***** RESPONSE 404 to DELETE: /roasters/covfefe *****
HTTP/1.1 404 Not Found



]]></system-out>
  <system-err><![CDATA[]]></system-err>
</testsuite>
