<?xml version="1.0" encoding="UTF-8"?>
<testsuite name="com.coffee.api.CoffeeAPITest" tests="1" skipped="0" failures="0" errors="0" timestamp="2024-10-25T09:29:48" hostname="MacBook-Pro-3" time="0.267">
  <properties/>
  <testcase name="API should return 400 when invalid roaster data is sent()" classname="com.coffee.api.CoffeeAPITest" time="0.267"/>
  <system-out><![CDATA[10:29:48.198 [Test worker] DEBUG Exposed -- DROP TABLE IF EXISTS roaster
10:29:48.212 [Test worker] DEBUG Exposed -- CREATE TABLE IF NOT EXISTS roaster (id SERIAL PRIMARY KEY, "name" VARCHAR(255) NOT NULL, url VARCHAR(255) NOT NULL, address VARCHAR(255) NOT NULL)
10:29:48.226 [Test worker] DEBUG Exposed -- INSERT INTO roaster ("name", url, address) VALUES ('Monmouth Coffee Company', 'https://www.monmouthcoffee.co.uk/', '123 Street')
10:29:48.227 [Test worker] DEBUG Exposed -- INSERT INTO roaster ("name", url, address) VALUES ('Square Mile Coffee Roasters', 'https://shop.squaremilecoffee.com/', '123 Street')
10:29:48.228 [Test worker] DEBUG Exposed -- INSERT INTO roaster ("name", url, address) VALUES ('Skylark Coffee', 'https://skylark.coffee/', '123 Street')
10:29:48.229 [Test worker] DEBUG Exposed -- INSERT INTO roaster ("name", url, address) VALUES ('Grindsmith', 'https://grindsmith.com/', '123 Street')
10:29:48.230 [Test worker] DEBUG Exposed -- INSERT INTO roaster ("name", url, address) VALUES ('Curve Coffee', 'https://www.curveroasters.co.uk/', '123 Street')
Database prepared successfully
***** REQUEST: POST: /roasters *****
POST /roasters HTTP/1.1


{"name":"","url":"","address":""}
***** RESPONSE 400 to POST: /roasters *****
HTTP/1.1 400 Bad Request


Invalid roaster data
]]></system-out>
  <system-err><![CDATA[]]></system-err>
</testsuite>
