<?xml version="1.0" encoding="UTF-8"?>
<testsuite name="com.coffee.api.CoffeeAPITest" tests="1" skipped="0" failures="0" errors="0" timestamp="2024-10-25T09:41:45" hostname="MacBook-Pro-3" time="0.309">
  <properties/>
  <testcase name="API returns a specific roaster when GET requests contains an ID parameter()" classname="com.coffee.api.CoffeeAPITest" time="0.309"/>
  <system-out><![CDATA[10:41:45.510 [Test worker] DEBUG Exposed -- DROP TABLE IF EXISTS roaster
10:41:45.524 [Test worker] DEBUG Exposed -- CREATE TABLE IF NOT EXISTS roaster (id SERIAL PRIMARY KEY, "name" VARCHAR(255) NOT NULL, url VARCHAR(255) NOT NULL, address VARCHAR(255) NOT NULL)
10:41:45.537 [Test worker] DEBUG Exposed -- INSERT INTO roaster ("name", url, address) VALUES ('Monmouth Coffee Company', 'https://www.monmouthcoffee.co.uk/', '123 Street')
10:41:45.539 [Test worker] DEBUG Exposed -- INSERT INTO roaster ("name", url, address) VALUES ('Square Mile Coffee Roasters', 'https://shop.squaremilecoffee.com/', '123 Street')
10:41:45.540 [Test worker] DEBUG Exposed -- INSERT INTO roaster ("name", url, address) VALUES ('Skylark Coffee', 'https://skylark.coffee/', '123 Street')
10:41:45.541 [Test worker] DEBUG Exposed -- INSERT INTO roaster ("name", url, address) VALUES ('Grindsmith', 'https://grindsmith.com/', '123 Street')
10:41:45.542 [Test worker] DEBUG Exposed -- INSERT INTO roaster ("name", url, address) VALUES ('Curve Coffee', 'https://www.curveroasters.co.uk/', '123 Street')
Database prepared successfully
***** REQUEST: GET: /roasters/byId/4 *****
GET /roasters/byId/4 HTTP/1.1



10:41:45.625 [Test worker] DEBUG Exposed -- SELECT roaster.id, roaster."name", roaster.url, roaster.address FROM roaster WHERE roaster.id = 4 LIMIT 1
***** RESPONSE 200 to GET: /roasters/byId/4 *****
HTTP/1.1 200 OK
content-type: application/json; charset=utf-8

{"name":"Grindsmith","url":"https://grindsmith.com/","address":"123 Street"}
]]></system-out>
  <system-err><![CDATA[]]></system-err>
</testsuite>
