<?xml version="1.0" encoding="UTF-8"?>
<testsuite name="com.coffee.api.CoffeeTest" tests="1" skipped="0" failures="0" errors="0" timestamp="2024-10-30T15:58:11" hostname="MacBook-Pro-3" time="0.427">
  <properties/>
  <testcase name="API returns 400 on POST request with invalid data()" classname="com.coffee.api.CoffeeTest" time="0.427"/>
  <system-out><![CDATA[***** REQUEST: POST: /coffees *****
POST /coffees HTTP/1.1


{"coffeeName":"Colombian Single Origin","roastedBy":"My Coffee Company"}
15:58:11.867 [Test worker] DEBUG Exposed -- SELECT roaster.id, roaster."name", roaster.url, roaster.address FROM roaster WHERE roaster."name" = 'My Coffee Company'
***** RESPONSE 400 to POST: /coffees *****
Roaster not found 400 Bad Request



]]></system-out>
  <system-err><![CDATA[]]></system-err>
</testsuite>
