<?xml version="1.0" encoding="UTF-8"?>
<testsuite name="com.coffee.api.CoffeeAPITest" tests="1" skipped="0" failures="0" errors="0" timestamp="2024-10-22T09:51:15" hostname="MacBook-Pro-3" time="0.023">
  <properties/>
  <testcase name="API should return 404 when an invalid name is send through a GET request()" classname="com.coffee.api.CoffeeAPITest" time="0.023"/>
  <system-out><![CDATA[***** REQUEST: GET: /roaster/covfefe *****
GET /roaster/covfefe HTTP/1.1



***** RESPONSE 404 to GET: /roaster/covfefe *****
HTTP/1.1 404 Route not found



]]></system-out>
  <system-err><![CDATA[]]></system-err>
</testsuite>
